Build started 3/18/2015 9:07:40 PM.
     1>Project "C:\Users\Chris Cruz\Downloads\IT 276\Project Folder\gametest\gametest.vcxproj" on node 2 (build target(s)).
     1>InitializeBuildStatus:
         Touching "Debug\gametest.unsuccessfulbuild".
       ClCompile:
         All outputs are up-to-date.
         All outputs are up-to-date.
       ManifestResourceCompile:
         All outputs are up-to-date.
       Link:
         c:\Program Files (x86)\Microsoft Visual Studio 10.0\VC\bin\link.exe /ERRORREPORT:PROMPT /OUT:"C:\Users\Chris Cruz\Downloads\IT 276\Project Folder\gametest\\gametest.exe" /INCREMENTAL /NOLOGO SDLmain.lib SDL.lib SDL_image.lib SDL_mixer.lib SDL_ttf.lib kernel32.lib user32.lib gdi32.lib winspool.lib comdlg32.lib advapi32.lib shell32.lib ole32.lib oleaut32.lib uuid.lib odbc32.lib odbccp32.lib /MANIFEST /ManifestFile:"Debug\gametest.exe.intermediate.manifest" /MANIFESTUAC:"level='asInvoker' uiAccess='false'" /DEBUG /PDB:"C:\Users\Chris Cruz\Downloads\IT 276\Project Folder\gametest\gametest.pdb" /SUBSYSTEM:CONSOLE /TLBID:1 /DYNAMICBASE /NXCOMPAT /IMPLIB:"C:\Users\Chris Cruz\Downloads\IT 276\Project Folder\gametest\\gametest.lib" /MACHINE:X86 Debug\gametest.exe.embed.manifest.res
         Debug\graphics.obj
         Debug\LazyFoo.obj
     1>LazyFoo.obj : error LNK2019: unresolved external symbol __imp___CrtDbgReportW referenced in function "public: struct SDL_Rect & __thiscall std::vector<struct SDL_Rect,class std::allocator<struct SDL_Rect> >::operator[](unsigned int)" (??A?$vector@USDL_Rect@@V?$allocator@USDL_Rect@@@std@@@std@@QAEAAUSDL_Rect@@I@Z)
     1>C:\Users\Chris Cruz\Downloads\IT 276\Project Folder\gametest\\gametest.exe : fatal error LNK1120: 1 unresolved externals
     1>Done Building Project "C:\Users\Chris Cruz\Downloads\IT 276\Project Folder\gametest\gametest.vcxproj" (build target(s)) -- FAILED.

Build FAILED.

Time Elapsed 00:00:00.52
